2025-04-19 17:12:31,732 - pyswarms.discrete.binary - INFO - Optimize for 100 iters with {'c1': 2, 'c2': 2, 'w': 0.9, 'k': 5, 'p': 2}
2025-04-19 17:20:06,958 - pyswarms.discrete.binary - INFO - Optimization finished | best cost: 0.09168464419475662, best pos: [0 0 0 1 0 1 1 0 0 0 1 0 0 0 0 0 1 1 0 1 0 1 1 1 0 0 1 1 0 0 0 1 1 1 0 0 1
 0 0 0 0 1 1 0 1 0 0 1 1 0 0 0 0 1 1 0 0 1 0 1 0 1 0 1 0 0 1 1 1 0 0 1 1 0
 1 1 0 1 0 0 0 1 0 1 0 0 1 0 0 0 0 0 0 0 1 0 1 1 0 0 1 1 0 0 0 0 0 1 0 0 1
 0 1 1 1 0 0 1 1 1 1 1 1 0 0 0 1 0 1 0 0 0 0 0 1 1 1 1 1 1 0 0 0 0 0 0 0 1
 1 0 0 1 1 0 1 0 0 0 0 1 0 0 1 1 1 0 0 0 0 0 0 1 1 0 0 0 1 0 0 0 0 1 1 1 0
 1 1 1 0 1 1 0 1 0 0 1 1 1 0 1 0 1 0 1 1 0 1 0 0 0 0 1 0 1 0 1 0 1 1 0 1 0
 1 1 0 1 0 0 0 0 1 0 0 0 1 1 0 1 1 1 0 0 0 0 0 1 0 0 0 1 0 0 0 0 0 1 0 1 1
 1 1 1 1 1 0 1 1 1 0 0 1 0 0 1 0 1 0 0 1 1 0 0 1 1 1 0 1 0 0 1 1 1 0 1 0 1
 1 1 0 0 0 0 1 0 1 0 1 0 1 0 1 1 0 1 1 0 1 1 0 1 0 0 1 1 1 1 0 0 0 0 1 1 0
 1 0 0 0 0 0 0 1 0 1 0 0 1 1 0 1 1 0 0 0 0 0 1 0 1 1 0 0 0 0 1 1 1 0 1 1 1
 0 1 0 0 0 1 1 0 1 0 0 1 0 1 1 1 0 0 0 1 0 0 1 1 0 1 1 0 1 1 0 0 0 0 1 0 1
 0 0 1 0 1 0 1 1 0 0 1 0 1 1 0 1 0 0 0 0 1 0 0 1 0 0 1 0 1 1 0 1 0 0 0 0 0
 1 1 0 1 0 0 1 1 1 0 1 0 1 0 1 0 0 0 1 0 0 0 1 1 0 1 0 0 1 1 1 1 0 1 1 1 0
 1 1 1 0 1 0 1 0 1 1 0 1 1 0 1 0 0 1 0 1 1 0 1 0 1 0 1 0 0 0 0 0 0 0 1 0 1
 0 1 1 1 0 0 1 0 0 0 1 0 1 1 0 0 0 0 1 0 0 1 0 0 0 0 1 0 1 1 1 1 0 0 0 0 0
 0 1 0 0 1 0 1 0 1 0 0 0 1 0 0 0 0 1 1 0 0 0 1 1 1 1 1 1 1 0 0 0 0 1 0 0 0
 1 1 1 1 0 0 0 1 0 1 0 0 0 1 1 1 0 0 0 1 1 1 1 1 1 0 1 0 1 1 0 1 0 1 1 0 0
 1 0 0 1 0 0 0 0 1 1 1 1 1 1 0 0 1 0 0 0 1 1 1 1 0 0 1 1 0 0 1 0 1 0 1 1 0
 1 0 1 0 0 0 0 1 0 1 0 0 1 0 1 0 0 0 1 0 1 0 0 1 1 0 1 1 0 0 0 1 1 1 0 0 0
 0 1 0 0 1 0 0 0 0 0 0 0 0 1 0 1 0 0 0 1 1 1 0 0 0 1 0 1 0 0 1 0 1 1 0 0 0
 0 1 1 0 1 1 0 0 1 1 0 0 0 0 0 1 1 1 0 1 1 1 0 1 1 0 1 1 0 1 0 1 1 0 1 0 0
 0 1 0 1 1 1 1 1 1 1 1 0 1 0 0 0 1 0 1 0 1 1 1 1 0 1 0 0 0 0 0 0 0 0 0 0 0
 0 0 1 1 1 1 1 0 1 0 0 1 1 0 0 0 1 1 1 0 0 1 0 1 0 0 1 0 1 1 0 0 0 0 1 0 0
 0 0 1 1 0 0 1 0 0 0 0 0 1 0 1 1 0 1 0 1 0 0 0 0 0 0 1 0 0 1 1 1 1 1 1 0 1
 1 1 1 1 1 0 1 0 0 0 1 1]
2025-04-25 09:09:20,962 - pyswarms.discrete.binary - INFO - Optimize for 100 iters with {'c1': 2, 'c2': 2, 'w': 0.9, 'k': 5, 'p': 2}
2025-04-25 09:10:37,187 - pyswarms.discrete.binary - INFO - Optimize for 100 iters with {'c1': 2, 'c2': 2, 'w': 0.9, 'k': 5, 'p': 2}
2025-04-25 09:11:41,919 - pyswarms.discrete.binary - INFO - Optimize for 100 iters with {'c1': 2, 'c2': 2, 'w': 0.9, 'k': 5, 'p': 2}
2025-04-25 09:12:39,485 - pyswarms.discrete.binary - INFO - Optimization finished | best cost: 0.0012500000000000011, best pos: [1 0 0 0 0 0 0 0 0 0 0 0 0 0 0 0 0 0 1 0 0 0 0 1 0 0 0 0 0 0 0 1]
2025-04-25 09:16:59,463 - pyswarms.discrete.binary - INFO - Optimize for 100 iters with {'c1': 2, 'c2': 2, 'w': 0.9, 'k': 5, 'p': 2}
2025-04-25 09:18:21,643 - pyswarms.discrete.binary - INFO - Optimization finished | best cost: 0.0012500000000000011, best pos: [0 1 0 1 1 0 0 0 0 0 0 0 0 0 0 0 0 0 0 0 0 0 0 0 1 0 0 0 0 0 0 0]
2025-05-03 10:11:35,356 - pyswarms.discrete.binary - INFO - Optimize for 100 iters with {'c1': 2, 'c2': 2, 'w': 0.9, 'k': 5, 'p': 2}
2025-05-03 10:12:37,340 - pyswarms.discrete.binary - INFO - Optimization finished | best cost: 0.0015625000000000014, best pos: [0 0 0 0 0 0 0 0 0 1 0 0 0 1 0 1 0 1 0 0 1 0 0 0 0 0 0 0 0 0 0 0]
2025-05-03 10:17:07,561 - pyswarms.discrete.binary - INFO - Optimize for 100 iters with {'c1': 2, 'c2': 2, 'w': 0.9, 'k': 5, 'p': 2}
2025-05-03 10:18:07,407 - pyswarms.discrete.binary - INFO - Optimization finished | best cost: 0.0012500000000000011, best pos: [0 0 0 0 0 0 0 0 0 0 0 0 1 0 0 0 1 0 0 1 0 0 1 0 0 0 0 0 0 0 0 0]
2025-05-03 10:23:32,795 - pyswarms.discrete.binary - INFO - Optimize for 100 iters with {'c1': 2, 'c2': 2, 'w': 0.9, 'k': 5, 'p': 2}
2025-05-03 10:24:56,714 - pyswarms.discrete.binary - INFO - Optimization finished | best cost: 0.0015625000000000014, best pos: [0 0 1 0 0 0 0 0 0 0 0 0 1 0 0 0 0 0 0 1 0 0 0 0 0 0 0 0 1 0 0 1]
2025-05-03 10:26:59,451 - pyswarms.discrete.binary - INFO - Optimize for 100 iters with {'c1': 2, 'c2': 2, 'w': 0.9, 'k': 5, 'p': 2}
2025-05-03 10:28:28,681 - pyswarms.discrete.binary - INFO - Optimization finished | best cost: 0.0012500000000000011, best pos: [1 0 0 0 0 0 0 0 0 0 0 0 0 0 0 1 0 0 0 0 0 1 0 0 0 0 0 0 0 1 0 0]
2025-05-03 11:01:45,471 - pyswarms.discrete.binary - INFO - Optimize for 100 iters with {'c1': 2, 'c2': 2, 'w': 0.9, 'k': 5, 'p': 2}
2025-05-03 11:11:13,800 - pyswarms.discrete.binary - INFO - Optimization finished | best cost: 0.08296354556803998, best pos: [0 0 0 1 0 0 0 1 1 0 1 0 1 0 1 0 1 0 1 1 0 1 1 0 1 1 1 0 1 0 0 1 0 0 0 0 0
 0 1 0 1 1 0 0 1 0 0 1 0 0 0 0 1 0 0 0 1 0 0 1 1 0 1 1 1 1 1 0 0 0 1 0 1 1
 1 0 1 0 0 0 0 0 1 1 0 1 1 1 0 0 0 1 1 0 0 1 1 0 0 1 0 0 1 0 0 1 1 0 1 0 0
 0 1 1 1 1 1 0 0 0 1 0 1 1 1 0 1 1 1 1 0 1 1 1 1 1 1 0 0 0 0 1 1 0 1 0 1 0
 0 0 1 0 0 0 1 1 1 0 0 1 0 0 0 0 0 1 0 1 0 1 0 1 0 0 1 1 1 0 0 0 0 1 0 1 0
 1 0 0 0 0 1 1 1 1 0 1 1 1 0 1 1 0 1 0 1 0 1 1 0 0 0 0 0 1 1 0 1 1 0 0 0 0
 1 0 0 0 0 1 0 1 1 0 1 0 1 1 1 0 1 1 0 0 1 1 0 0 0 0 0 1 1 0 1 0 1 0 0 1 0
 0 0 0 0 0 0 0 0 0 0 1 0 1 1 1 0 1 1 1 1 1 0 1 1 0 1 1 1 0 0 0 1 1 1 1 0 1
 1 1 0 1 0 0 1 0 1 1 0 0 1 0 1 1 1 0 1 1 1 0 1 1 1 1 0 1 1 1 1 0 0 0 0 0 1
 0 1 0 1 1 1 0 1 0 0 0 1 1 1 1 1 1 1 0 0 1 1 0 0 1 1 1 0 1 0 0 0 0 0 1 0 0
 1 0 0 1 0 1 1 1 1 1 1 0 0 0 0 1 0 1 0 1 1 1 0 1 0 0 1 0 0 0 1 1 0 1 0 0 1
 0 1 1 1 1 0 1 0 0 0 1 0 1 1 0 1 1 0 1 0 1 1 0 0 1 0 0 0 0 0 1 1 0 0 1 0 1
 1 0 1 1 0 0 1 0 1 0 1 0 1 1 1 0 0 1 0 0 0 0 1 0 0 1 0 0 0 1 0 1 0 1 1 0 0
 1 0 1 0 0 1 0 0 1 0 0 1 0 0 1 0 0 0 0 0 0 1 0 1 1 0 0 1 0 0 1 0 1 0 1 0 1
 1 0 1 1 1 1 1 0 1 1 0 0 1 0 0 1 0 0 0 0 1 1 1 0 0 0 0 0 0 0 1 0 0 0 1 0 1
 0 0 1 0 0 1 0 0 0 1 0 0 0 1 0 1 0 1 1 0 1 0 1 1 0 1 1 1 1 0 1 0 1 1 0 1 1
 1 0 0 0 1 0 0 1 0 1 0 1 1 1 1 0 0 0 1 1 0 1 1 0 0 1 0 0 0 0 1 0 0 1 0 0 0
 1 1 0 0 0 1 0 1 0 1 1 1 1 1 1 1 1 1 0 1 1 1 1 0 0 1 0 0 1 1 0 1 1 0 0 0 1
 0 1 0 1 0 1 0 1 0 0 0 0 0 0 1 0 0 0 0 1 0 0 0 0 0 0 0 0 0 0 0 0 0 1 0 0 0
 1 0 0 0 1 1 0 0 1 1 1 1 0 0 0 0 0 0 0 1 1 1 1 1 0 0 1 1 0 0 0 1 1 1 0 1 0
 0 0 0 1 1 1 0 0 1 0 0 0 1 1 1 1 1 1 0 0 1 0 1 0 1 1 1 0 1 1 1 0 0 1 1 0 1
 1 1 1 0 0 0 0 1 0 0 1 0 0 1 1 0 0 1 0 0 1 1 0 1 1 0 1 1 1 0 0 1 1 1 0 1 1
 0 0 0 1 1 1 1 1 0 0 0 0 0 1 0 0 0 0 0 1 1 0 1 0 0 1 0 0 0 1 0 1 0 0 1 0 0
 1 1 0 0 0 0 1 1 1 0 0 1 0 0 1 1 1 1 0 1 1 0 0 0 1 1 1 0 1 1 1 0 0 0 1 1 0
 0 1 0 1 0 1 0 1 0 1 1 1]
2025-05-03 11:13:58,592 - pyswarms.discrete.binary - INFO - Optimize for 100 iters with {'c1': 2, 'c2': 2, 'w': 0.9, 'k': 5, 'p': 2}
2025-05-03 11:25:25,451 - pyswarms.discrete.binary - INFO - Optimization finished | best cost: 0.06990299625468165, best pos: [1 0 1 1 0 0 1 0 1 1 0 1 1 1 0 1 1 1 0 1 1 1 0 0 1 0 1 0 1 0 1 1 0 0 0 1 1
 1 1 0 0 1 1 1 1 0 0 0 0 0 0 0 0 1 1 1 1 1 1 0 0 1 1 0 1 1 0 1 0 1 1 1 0 1
 0 0 0 1 1 1 0 0 1 1 0 1 0 1 0 0 1 1 0 1 0 0 1 0 1 1 1 0 1 1 1 0 0 1 0 0 1
 0 1 1 1 1 1 0 1 1 1 1 0 1 0 1 1 1 0 1 1 1 0 0 1 1 0 0 0 0 1 1 0 0 1 0 1 0
 0 0 0 0 0 1 0 0 0 1 1 1 0 0 0 0 0 1 0 1 1 1 1 0 0 0 1 1 0 1 0 1 0 1 0 0 0
 1 1 0 0 1 1 1 0 1 0 0 0 1 0 0 1 1 0 1 0 0 1 1 1 0 1 0 0 0 0 0 1 1 1 0 0 0
 0 1 1 0 1 0 0 0 1 0 0 1 1 1 0 0 0 1 0 0 0 0 0 0 1 1 0 0 1 0 0 1 0 1 0 1 1
 0 1 1 1 0 1 0 1 0 0 0 0 1 0 0 0 1 1 0 1 0 1 0 0 1 1 1 0 0 1 0 0 0 0 0 0 1
 1 0 0 1 1 1 0 0 1 1 0 0 1 1 1 0 0 0 0 0 1 1 0 0 0 1 0 1 0 1 0 1 1 1 1 1 1
 1 1 1 0 1 1 1 1 0 0 0 1 1 1 1 1 1 0 0 0 0 1 0 1 0 1 0 0 1 0 0 0 1 1 0 1 0
 1 0 1 1 1 1 0 0 1 0 1 1 1 1 0 0 1 0 0 1 0 1 0 0 0 0 1 1 0 1 1 1 1 0 0 1 1
 1 1 1 1 1 1 0 0 0 1 1 0 1 1 0 1 1 0 0 0 0 0 0 0 1 0 0 0 0 1 0 0 1 1 0 0 0
 0 1 0 0 0 0 1 0 1 0 0 1 0 0 0 0 0 1 1 0 1 1 0 1 0 1 1 0 0 0 1 1 0 0 1 0 0
 0 1 1 0 0 0 1 1 0 0 1 0 1 1 0 1 0 1 0 1 1 1 0 0 1 1 0 1 0 0 1 1 0 0 1 1 1
 0 1 0 0 0 0 1 0 1 0 1 1 1 0 0 0 1 0 1 1 1 1 1 1 0 1 1 1 1 0 1 1 1 0 1 0 1
 1 0 1 1 0 0 1 1 0 0 0 1 1 1 1 1 1 1 1 0 1 1 1 1 1 0 1 1 1 0 1 1 1 1 0 1 1
 0 1 1 0 1 0 0 0 1 1 1 0 1 1 0 0 1 1 1 1 1 1 0 1 0 1 1 1 0 1 1 1 1 0 1 0 0
 1 1 0 1 0 1 0 0 1 1 1 1 1 1 1 1 0 1 1 1 1 0 0 0 1 1 0 0 1 0 0 1 1 1 0 0 0
 1 0 0 1 0 0 0 1 1 0 1 1 0 1 1 0 0 0 1 0 1 0 1 1 0 0 0 0 0 0 1 1 0 0 1 0 0
 0 0 1 0 1 1 1 0 1 1 0 1 1 1 0 0 1 0 1 1 1 1 0 1 0 0 0 1 0 1 1 0 1 0 1 0 0
 0 1 0 1 1 0 1 1 0 1 0 0 0 0 1 1 0 1 0 0 1 1 1 0 1 1 1 0 1 1 0 1 0 1 0 0 0
 1 1 1 1 1 1 1 1 1 0 1 0 0 0 1 1 0 0 0 1 1 0 1 0 1 1 1 0 0 0 0 1 1 1 0 1 1
 1 0 1 0 0 0 0 0 0 0 0 0 0 0 0 1 0 0 1 0 1 0 0 0 0 0 0 0 1 1 0 0 0 0 1 1 1
 1 0 1 1 1 0 1 0 0 0 1 0 1 0 0 0 0 0 1 0 1 1 0 1 1 1 0 1 0 1 1 1 0 1 0 0 1
 1 1 1 0 1 0 0 0 0 0 1 1]
